

Microchip MPLAB XC8 Assembler V2.31 build 20201012212115 
                                                                                               Wed Nov 10 22:27:43 2021

Microchip MPLAB XC8 C Compiler v2.31 (Free license) build 20201012212115 Og1 
     1                           	processor	18F46K22
     2                           	fnconf	rparam,??,?,0
     3                           	pagewidth 120
     4                           	opt	flic
     5                           	psect	smallconst,global,reloc=2,class=SMALLCONST,delta=1,noexec
     6                           	psect	cinit,global,reloc=2,class=CODE,delta=1
     7                           	psect	cstackCOMRAM,global,class=COMRAM,space=1,delta=1,lowdata,noexec
     8                           	psect	text0,global,reloc=2,class=CODE,delta=1
     9                           	psect	text1,global,reloc=2,class=CODE,delta=1
    10                           	psect	text2,global,reloc=2,class=CODE,delta=1
    11                           	psect	text3,global,reloc=2,class=CODE,delta=1
    12                           	psect	text4,global,reloc=2,class=CODE,delta=1
    13                           	psect	text5,global,reloc=2,class=CODE,delta=1
    14                           	psect	text6,global,reloc=2,class=CODE,delta=1
    15                           	psect	intsave_regs,global,class=BIGRAM,space=1,delta=1,noexec
    16                           	psect	rparam,global,class=COMRAM,space=1,delta=1,noexec
    17                           	psect	idloc,global,abs,ovrld,class=IDLOC,space=5,delta=1,noexec
    18                           	psect	config,global,abs,ovrld,class=CONFIG,space=4,delta=1,noexec
    19  0000                     
    20                           ; Version 2.31
    21                           ; Generated 13/10/2020 GMT
    22                           ; 
    23                           ; Copyright © 2020, Microchip Technology Inc. and its subsidiaries ("Microchip")
    24                           ; All rights reserved.
    25                           ; 
    26                           ; This software is developed by Microchip Technology Inc. and its subsidiaries ("Microch
      +                          ip").
    27                           ; 
    28                           ; Redistribution and use in source and binary forms, with or without modification, are
    29                           ; permitted provided that the following conditions are met:
    30                           ; 
    31                           ;     1. Redistributions of source code must retain the above copyright notice, this lis
      +                          t of
    32                           ;        conditions and the following disclaimer.
    33                           ; 
    34                           ;     2. Redistributions in binary form must reproduce the above copyright notice, this 
      +                          list
    35                           ;        of conditions and the following disclaimer in the documentation and/or other
    36                           ;        materials provided with the distribution. Publication is not required when
    37                           ;        this file is used in an embedded application.
    38                           ; 
    39                           ;     3. Microchip's name may not be used to endorse or promote products derived from th
      +                          is
    40                           ;        software without specific prior written permission.
    41                           ; 
    42                           ; THIS SOFTWARE IS PROVIDED BY MICROCHIP "AS IS" AND ANY EXPRESS OR IMPLIED WARRANTIES,
    43                           ; INCLUDING, BUT NOT LIMITED TO, THE IMPLIED WARRANTIES OF MERCHANTABILITY AND FITNESS F
      +                          OR
    44                           ; PURPOSE ARE DISCLAIMED.  IN NO EVENT SHALL MICROCHIP BE LIABLE FOR ANY DIRECT, INDIREC
      +                          T,
    45                           ; INCIDENTAL, SPECIAL, EXEMPLARY, OR CONSEQUENTIAL DAMAGES (INCLUDING BUT NOT LIMITED TO
    46                           ; PROCUREMENT OF SUBSTITUTE GOODS OR SERVICES; LOSS OF USE, DATA OR PROFITS; OR BUSINESS
    47                           ; INTERRUPTION) HOWSOEVER CAUSED AND ON ANY THEORY OF LIABILITY, WHETHER IN CONTRACT, ST
      +                          RICT
    48                           ; LIABILITY, OR TORT (INCLUDING NEGLIGENCE OR OTHERWISE) ARISING IN ANY WAY OUT OF THE U
      +                          SE OF
    49                           ; THIS SOFTWARE, EVEN IF ADVISED OF THE POSSIBILITY OF SUCH DAMAGE.
    50                           ; 
    51                           ; 
    52                           ; Code-generator required, PIC18F46K22 Definitions
    53                           ; 
    54                           ; SFR Addresses
    55  0000                     _ANSELC	set	3898
    56  0000                     _ANSELD	set	3899
    57  0000                     _LATC	set	3979
    58  0000                     _PORTC	set	3970
    59  0000                     _TRISC	set	3988
    60  0000                     _LATD	set	3980
    61  0000                     _PORTD	set	3971
    62  0000                     _TRISD	set	3989
    63  0000                     _OSCTUNEbits	set	3995
    64  0000                     _OSCCONbits	set	4051
    65  0000                     _LATC0	set	31832
    66  0000                     _LATC1	set	31833
    67                           
    68                           	psect	smallconst
    69  001000                     __psmallconst:
    70                           	callstack 0
    71  001000  00                 	db	0
    72  001001                     STR_1:
    73  001001  4D                 	db	77	;'M'
    74  001002  65                 	db	101	;'e'
    75  001003  72                 	db	114	;'r'
    76  001004  68                 	db	104	;'h'
    77  001005  61                 	db	97	;'a'
    78  001006  62                 	db	98	;'b'
    79  001007  61                 	db	97	;'a'
    80  001008  00                 	db	0
    81  001009  00                 	db	0	; dummy byte at the end
    82  0000                     
    83                           ; #config settings
    84                           
    85                           	psect	cinit
    86  001122                     __pcinit:
    87                           	callstack 0
    88  001122                     start_initialization:
    89                           	callstack 0
    90  001122                     __initialization:
    91                           	callstack 0
    92  001122                     end_of_initialization:
    93                           	callstack 0
    94  001122                     __end_of__initialization:
    95                           	callstack 0
    96  001122  0E00               	movlw	low (__Lsmallconst shr (0+16))
    97  001124  6EF8               	movwf	tblptru,c
    98  001126  0E10               	movlw	high __Lsmallconst
    99  001128  6EF7               	movwf	tblptrh,c
   100  00112A  0100               	movlb	0
   101  00112C  EF05  F008         	goto	_main	;jump to C main() function
   102                           
   103                           	psect	cstackCOMRAM
   104  000001                     __pcstackCOMRAM:
   105                           	callstack 0
   106  000001                     LCD_KomutGonder@komut:
   107                           	callstack 0
   108  000001                     LCD_VeriGonder@veri:
   109                           	callstack 0
   110                           
   111                           ; 1 bytes @ 0x0
   112  000001                     	ds	1
   113  000002                     ??_LCD_Ayarla:
   114  000002                     LCD_GotoXY@sutun:
   115                           	callstack 0
   116                           
   117                           ; 1 bytes @ 0x1
   118  000002                     	ds	1
   119  000003                     LCD_GotoXY@satir:
   120                           	callstack 0
   121                           
   122                           ; 1 bytes @ 0x2
   123  000003                     	ds	1
   124  000004                     LCD_MetinYaz@str_sutun:
   125                           	callstack 0
   126                           
   127                           ; 1 bytes @ 0x3
   128  000004                     	ds	1
   129  000005                     LCD_MetinYaz@metin:
   130                           	callstack 0
   131                           
   132                           ; 2 bytes @ 0x4
   133  000005                     	ds	2
   134  000007                     LCD_MetinYaz@str_satir:
   135                           	callstack 0
   136                           
   137                           ; 1 bytes @ 0x6
   138  000007                     	ds	1
   139  000008                     
   140                           ; 1 bytes @ 0x7
   141 ;;
   142 ;;Main: autosize = 0, tempsize = 0, incstack = 0, save=0
   143 ;;
   144 ;; *************** function _main *****************
   145 ;; Defined at:
   146 ;;		line 77 in file "C:/Users/dell/Desktop/PIC_LCD_Lib/PIC_LCD_Lib.X/main.c"
   147 ;; Parameters:    Size  Location     Type
   148 ;;		None
   149 ;; Auto vars:     Size  Location     Type
   150 ;;		None
   151 ;; Return value:  Size  Location     Type
   152 ;;                  1    wreg      void 
   153 ;; Registers used:
   154 ;;		wreg, status,2, status,0, tblptrl, tblptrh, tblptru, cstack
   155 ;; Tracked objects:
   156 ;;		On entry : 0/0
   157 ;;		On exit  : 0/0
   158 ;;		Unchanged: 0/0
   159 ;; Data sizes:     COMRAM   BANK0   BANK1   BANK2   BANK3   BANK4   BANK5   BANK6   BANK7   BANK8   BANK9  BANK10  BANK1
      +1  BANK12  BANK13  BANK14  BANK15
   160 ;;      Params:         0       0       0       0       0       0       0       0       0       0       0       0       
      +0       0       0       0       0
   161 ;;      Locals:         0       0       0       0       0       0       0       0       0       0       0       0       
      +0       0       0       0       0
   162 ;;      Temps:          0       0       0       0       0       0       0       0       0       0       0       0       
      +0       0       0       0       0
   163 ;;      Totals:         0       0       0       0       0       0       0       0       0       0       0       0       
      +0       0       0       0       0
   164 ;;Total ram usage:        0 bytes
   165 ;; Hardware stack levels required when called:    4
   166 ;; This function calls:
   167 ;;		_LCD_Ayarla
   168 ;;		_LCD_MetinYaz
   169 ;; This function is called by:
   170 ;;		Startup code after reset
   171 ;; This function uses a non-reentrant model
   172 ;;
   173                           
   174                           	psect	text0
   175  00100A                     __ptext0:
   176                           	callstack 0
   177  00100A                     _main:
   178                           	callstack 27
   179  00100A                     
   180                           ;C:/Users/dell/Desktop/PIC_LCD_Lib/PIC_LCD_Lib.X/main.c: 79:     OSCCONbits.IRCF = 0x07;
   181  00100A  0E70               	movlw	112
   182  00100C  12D3               	iorwf	211,f,c	;volatile
   183  00100E                     
   184                           ;C:/Users/dell/Desktop/PIC_LCD_Lib/PIC_LCD_Lib.X/main.c: 80:     OSCTUNEbits.PLLEN = 1;
   185  00100E  8C9B               	bsf	155,6,c	;volatile
   186                           
   187                           ;C:/Users/dell/Desktop/PIC_LCD_Lib/PIC_LCD_Lib.X/main.c: 83:     TRISD = 0x00;
   188  001010  0E00               	movlw	0
   189  001012  6E95               	movwf	149,c	;volatile
   190                           
   191                           ;C:/Users/dell/Desktop/PIC_LCD_Lib/PIC_LCD_Lib.X/main.c: 84:     ANSELD = 0x00;
   192  001014  0E00               	movlw	0
   193  001016  010F               	movlb	15	; () banked
   194  001018  6F3B               	movwf	59,b	;volatile
   195                           
   196                           ;C:/Users/dell/Desktop/PIC_LCD_Lib/PIC_LCD_Lib.X/main.c: 85:     PORTD = 0x00;
   197  00101A  0E00               	movlw	0
   198  00101C  6E83               	movwf	131,c	;volatile
   199                           
   200                           ;C:/Users/dell/Desktop/PIC_LCD_Lib/PIC_LCD_Lib.X/main.c: 86:     LATD = 0x00;
   201  00101E  0E00               	movlw	0
   202  001020  6E8C               	movwf	140,c	;volatile
   203                           
   204                           ;C:/Users/dell/Desktop/PIC_LCD_Lib/PIC_LCD_Lib.X/main.c: 89:     TRISC = 0x00;
   205  001022  0E00               	movlw	0
   206  001024  6E94               	movwf	148,c	;volatile
   207                           
   208                           ;C:/Users/dell/Desktop/PIC_LCD_Lib/PIC_LCD_Lib.X/main.c: 90:     ANSELC = 0x00;
   209  001026  0E00               	movlw	0
   210  001028  6F3A               	movwf	58,b	;volatile
   211                           
   212                           ;C:/Users/dell/Desktop/PIC_LCD_Lib/PIC_LCD_Lib.X/main.c: 91:     PORTC = 0x00;
   213  00102A  0E00               	movlw	0
   214  00102C  6E82               	movwf	130,c	;volatile
   215                           
   216                           ;C:/Users/dell/Desktop/PIC_LCD_Lib/PIC_LCD_Lib.X/main.c: 92:     LATC = 0x00;
   217  00102E  0E00               	movlw	0
   218  001030  6E8B               	movwf	139,c	;volatile
   219  001032                     
   220                           ; BSR set to: 15
   221                           ;C:/Users/dell/Desktop/PIC_LCD_Lib/PIC_LCD_Lib.X/main.c: 95:     LCD_Ayarla();
   222  001032  EC49  F008         	call	_LCD_Ayarla	;wreg free
   223  001036                     
   224                           ;C:/Users/dell/Desktop/PIC_LCD_Lib/PIC_LCD_Lib.X/main.c: 98:     LCD_MetinYaz(1,7,"Merha
      +                          ba");
   225  001036  0E07               	movlw	7
   226  001038  6E04               	movwf	LCD_MetinYaz@str_sutun^0,c
   227  00103A  0E01               	movlw	low STR_1
   228  00103C  6E05               	movwf	LCD_MetinYaz@metin^0,c
   229  00103E  0E10               	movlw	high STR_1
   230  001040  6E06               	movwf	(LCD_MetinYaz@metin+1)^0,c
   231  001042  0E01               	movlw	1
   232  001044  EC28  F008         	call	_LCD_MetinYaz
   233  001048                     l29:
   234  001048  EF24  F008         	goto	l29
   235  00104C  EF00  F000         	goto	start
   236  001050                     __end_of_main:
   237                           	callstack 0
   238                           
   239 ;; *************** function _LCD_MetinYaz *****************
   240 ;; Defined at:
   241 ;;		line 38 in file "C:/Users/dell/Desktop/PIC_LCD_Lib/PIC_LCD_Lib.X/lcd.c"
   242 ;; Parameters:    Size  Location     Type
   243 ;;  str_satir       1    wreg     unsigned char 
   244 ;;  str_sutun       1    3[COMRAM] unsigned char 
   245 ;;  metin           2    4[COMRAM] PTR unsigned char 
   246 ;;		 -> STR_1(8), 
   247 ;; Auto vars:     Size  Location     Type
   248 ;;  str_satir       1    6[COMRAM] unsigned char 
   249 ;; Return value:  Size  Location     Type
   250 ;;                  1    wreg      void 
   251 ;; Registers used:
   252 ;;		wreg, status,2, status,0, tblptrl, tblptrh, tblptru, cstack
   253 ;; Tracked objects:
   254 ;;		On entry : 0/0
   255 ;;		On exit  : 0/0
   256 ;;		Unchanged: 0/0
   257 ;; Data sizes:     COMRAM   BANK0   BANK1   BANK2   BANK3   BANK4   BANK5   BANK6   BANK7   BANK8   BANK9  BANK10  BANK1
      +1  BANK12  BANK13  BANK14  BANK15
   258 ;;      Params:         3       0       0       0       0       0       0       0       0       0       0       0       
      +0       0       0       0       0
   259 ;;      Locals:         1       0       0       0       0       0       0       0       0       0       0       0       
      +0       0       0       0       0
   260 ;;      Temps:          0       0       0       0       0       0       0       0       0       0       0       0       
      +0       0       0       0       0
   261 ;;      Totals:         4       0       0       0       0       0       0       0       0       0       0       0       
      +0       0       0       0       0
   262 ;;Total ram usage:        4 bytes
   263 ;; Hardware stack levels used:    1
   264 ;; Hardware stack levels required when called:    3
   265 ;; This function calls:
   266 ;;		_LCD_GotoXY
   267 ;;		_LCD_VeriGonder
   268 ;; This function is called by:
   269 ;;		_main
   270 ;; This function uses a non-reentrant model
   271 ;;
   272                           
   273                           	psect	text1
   274  001050                     __ptext1:
   275                           	callstack 0
   276  001050                     _LCD_MetinYaz:
   277                           	callstack 27
   278                           
   279                           ;incstack = 0
   280                           ;LCD_MetinYaz@str_satir stored from wreg
   281  001050  6E07               	movwf	LCD_MetinYaz@str_satir^0,c
   282  001052                     
   283                           ;C:/Users/dell/Desktop/PIC_LCD_Lib/PIC_LCD_Lib.X/lcd.c: 39:     LCD_GotoXY(str_satir, st
      +                          r_sutun);
   284  001052  C004  F002         	movff	LCD_MetinYaz@str_sutun,LCD_GotoXY@sutun
   285  001056  5007               	movf	LCD_MetinYaz@str_satir^0,w,c
   286  001058  EC66  F008         	call	_LCD_GotoXY
   287                           
   288                           ;C:/Users/dell/Desktop/PIC_LCD_Lib/PIC_LCD_Lib.X/lcd.c: 40:     while(*metin)
   289  00105C  EF3A  F008         	goto	l807
   290  001060                     l803:
   291                           
   292                           ;C:/Users/dell/Desktop/PIC_LCD_Lib/PIC_LCD_Lib.X/lcd.c: 41:         LCD_VeriGonder(*meti
      +                          n++);
   293  001060  C005  FFF6         	movff	LCD_MetinYaz@metin,tblptrl
   294  001064  C006  FFF7         	movff	LCD_MetinYaz@metin+1,tblptrh
   295  001068                     	if	0	;tblptru may be non-zero
   296  001068                     	endif
   297  001068                     	if	0	;tblptru may be non-zero
   298  001068                     	endif
   299  001068  0008               	tblrd		*
   300  00106A  50F5               	movf	tablat,w,c
   301  00106C  EC98  F008         	call	_LCD_VeriGonder
   302  001070  4A05               	infsnz	LCD_MetinYaz@metin^0,f,c
   303  001072  2A06               	incf	(LCD_MetinYaz@metin+1)^0,f,c
   304  001074                     l807:
   305                           
   306                           ;C:/Users/dell/Desktop/PIC_LCD_Lib/PIC_LCD_Lib.X/lcd.c: 40:     while(*metin)
   307  001074  C005  FFF6         	movff	LCD_MetinYaz@metin,tblptrl
   308  001078  C006  FFF7         	movff	LCD_MetinYaz@metin+1,tblptrh
   309  00107C                     	if	0	;tblptru may be non-zero
   310  00107C                     	endif
   311  00107C                     	if	0	;tblptru may be non-zero
   312  00107C                     	endif
   313  00107C  0008               	tblrd		*
   314  00107E  50F5               	movf	tablat,w,c
   315  001080  0900               	iorlw	0
   316  001082  A4D8               	btfss	status,2,c
   317  001084  EF46  F008         	goto	u61
   318  001088  EF48  F008         	goto	u60
   319  00108C                     u61:
   320  00108C  EF30  F008         	goto	l803
   321  001090                     u60:
   322  001090  0012               	return		;funcret
   323  001092                     __end_of_LCD_MetinYaz:
   324                           	callstack 0
   325                           
   326 ;; *************** function _LCD_VeriGonder *****************
   327 ;; Defined at:
   328 ;;		line 30 in file "C:/Users/dell/Desktop/PIC_LCD_Lib/PIC_LCD_Lib.X/lcd.c"
   329 ;; Parameters:    Size  Location     Type
   330 ;;  veri            1    wreg     unsigned char 
   331 ;; Auto vars:     Size  Location     Type
   332 ;;  veri            1    0[COMRAM] unsigned char 
   333 ;; Return value:  Size  Location     Type
   334 ;;                  1    wreg      void 
   335 ;; Registers used:
   336 ;;		wreg, cstack
   337 ;; Tracked objects:
   338 ;;		On entry : 0/0
   339 ;;		On exit  : 0/0
   340 ;;		Unchanged: 0/0
   341 ;; Data sizes:     COMRAM   BANK0   BANK1   BANK2   BANK3   BANK4   BANK5   BANK6   BANK7   BANK8   BANK9  BANK10  BANK1
      +1  BANK12  BANK13  BANK14  BANK15
   342 ;;      Params:         0       0       0       0       0       0       0       0       0       0       0       0       
      +0       0       0       0       0
   343 ;;      Locals:         1       0       0       0       0       0       0       0       0       0       0       0       
      +0       0       0       0       0
   344 ;;      Temps:          0       0       0       0       0       0       0       0       0       0       0       0       
      +0       0       0       0       0
   345 ;;      Totals:         1       0       0       0       0       0       0       0       0       0       0       0       
      +0       0       0       0       0
   346 ;;Total ram usage:        1 bytes
   347 ;; Hardware stack levels used:    1
   348 ;; Hardware stack levels required when called:    1
   349 ;; This function calls:
   350 ;;		_pulseEnable
   351 ;; This function is called by:
   352 ;;		_LCD_MetinYaz
   353 ;; This function uses a non-reentrant model
   354 ;;
   355                           
   356                           	psect	text2
   357  001130                     __ptext2:
   358                           	callstack 0
   359  001130                     _LCD_VeriGonder:
   360                           	callstack 28
   361                           
   362                           ;incstack = 0
   363                           ;LCD_VeriGonder@veri stored from wreg
   364  001130  6E01               	movwf	LCD_VeriGonder@veri^0,c
   365  001132                     
   366                           ;C:/Users/dell/Desktop/PIC_LCD_Lib/PIC_LCD_Lib.X/lcd.c: 31:     LATC0 = 1;
   367  001132  808B               	bsf	3979,0,c	;volatile
   368  001134                     
   369                           ;C:/Users/dell/Desktop/PIC_LCD_Lib/PIC_LCD_Lib.X/lcd.c: 32:     LATD = veri;
   370  001134  C001  FF8C         	movff	LCD_VeriGonder@veri,3980	;volatile
   371  001138                     
   372                           ;C:/Users/dell/Desktop/PIC_LCD_Lib/PIC_LCD_Lib.X/lcd.c: 34:     pulseEnable();
   373  001138  EC81  F008         	call	_pulseEnable	;wreg free
   374  00113C  0012               	return		;funcret
   375  00113E                     __end_of_LCD_VeriGonder:
   376                           	callstack 0
   377                           
   378 ;; *************** function _LCD_GotoXY *****************
   379 ;; Defined at:
   380 ;;		line 44 in file "C:/Users/dell/Desktop/PIC_LCD_Lib/PIC_LCD_Lib.X/lcd.c"
   381 ;; Parameters:    Size  Location     Type
   382 ;;  satir           1    wreg     unsigned char 
   383 ;;  sutun           1    1[COMRAM] unsigned char 
   384 ;; Auto vars:     Size  Location     Type
   385 ;;  satir           1    2[COMRAM] unsigned char 
   386 ;; Return value:  Size  Location     Type
   387 ;;                  1    wreg      void 
   388 ;; Registers used:
   389 ;;		wreg, status,2, status,0, cstack
   390 ;; Tracked objects:
   391 ;;		On entry : 0/0
   392 ;;		On exit  : 0/0
   393 ;;		Unchanged: 0/0
   394 ;; Data sizes:     COMRAM   BANK0   BANK1   BANK2   BANK3   BANK4   BANK5   BANK6   BANK7   BANK8   BANK9  BANK10  BANK1
      +1  BANK12  BANK13  BANK14  BANK15
   395 ;;      Params:         1       0       0       0       0       0       0       0       0       0       0       0       
      +0       0       0       0       0
   396 ;;      Locals:         1       0       0       0       0       0       0       0       0       0       0       0       
      +0       0       0       0       0
   397 ;;      Temps:          0       0       0       0       0       0       0       0       0       0       0       0       
      +0       0       0       0       0
   398 ;;      Totals:         2       0       0       0       0       0       0       0       0       0       0       0       
      +0       0       0       0       0
   399 ;;Total ram usage:        2 bytes
   400 ;; Hardware stack levels used:    1
   401 ;; Hardware stack levels required when called:    2
   402 ;; This function calls:
   403 ;;		_LCD_KomutGonder
   404 ;; This function is called by:
   405 ;;		_LCD_MetinYaz
   406 ;; This function uses a non-reentrant model
   407 ;;
   408                           
   409                           	psect	text3
   410  0010CC                     __ptext3:
   411                           	callstack 0
   412  0010CC                     _LCD_GotoXY:
   413                           	callstack 27
   414                           
   415                           ;incstack = 0
   416                           ;LCD_GotoXY@satir stored from wreg
   417  0010CC  6E03               	movwf	LCD_GotoXY@satir^0,c
   418  0010CE                     
   419                           ;C:/Users/dell/Desktop/PIC_LCD_Lib/PIC_LCD_Lib.X/lcd.c: 45:     if (satir == 1) {
   420  0010CE  0403               	decf	LCD_GotoXY@satir^0,w,c
   421  0010D0  A4D8               	btfss	status,2,c
   422  0010D2  EF6D  F008         	goto	u41
   423  0010D6  EF6F  F008         	goto	u40
   424  0010DA                     u41:
   425  0010DA  EF73  F008         	goto	l797
   426  0010DE                     u40:
   427  0010DE                     
   428                           ;C:/Users/dell/Desktop/PIC_LCD_Lib/PIC_LCD_Lib.X/lcd.c: 46:         LCD_KomutGonder(0x80
      +                           + (sutun-1));
   429  0010DE  5002               	movf	LCD_GotoXY@sutun^0,w,c
   430  0010E0  0F7F               	addlw	127
   431  0010E2  EC9F  F008         	call	_LCD_KomutGonder
   432  0010E6                     l797:
   433                           
   434                           ;C:/Users/dell/Desktop/PIC_LCD_Lib/PIC_LCD_Lib.X/lcd.c: 48:     if (satir == 2) {
   435  0010E6  0E02               	movlw	2
   436  0010E8  1803               	xorwf	LCD_GotoXY@satir^0,w,c
   437  0010EA  A4D8               	btfss	status,2,c
   438  0010EC  EF7A  F008         	goto	u51
   439  0010F0  EF7C  F008         	goto	u50
   440  0010F4                     u51:
   441  0010F4  EF80  F008         	goto	l67
   442  0010F8                     u50:
   443  0010F8                     
   444                           ;C:/Users/dell/Desktop/PIC_LCD_Lib/PIC_LCD_Lib.X/lcd.c: 49:         LCD_KomutGonder(0xC0
      +                           + (sutun-1));
   445  0010F8  5002               	movf	LCD_GotoXY@sutun^0,w,c
   446  0010FA  0FBF               	addlw	191
   447  0010FC  EC9F  F008         	call	_LCD_KomutGonder
   448  001100                     l67:
   449  001100  0012               	return		;funcret
   450  001102                     __end_of_LCD_GotoXY:
   451                           	callstack 0
   452                           
   453 ;; *************** function _LCD_Ayarla *****************
   454 ;; Defined at:
   455 ;;		line 13 in file "C:/Users/dell/Desktop/PIC_LCD_Lib/PIC_LCD_Lib.X/lcd.c"
   456 ;; Parameters:    Size  Location     Type
   457 ;;		None
   458 ;; Auto vars:     Size  Location     Type
   459 ;;		None
   460 ;; Return value:  Size  Location     Type
   461 ;;                  1    wreg      void 
   462 ;; Registers used:
   463 ;;		wreg, cstack
   464 ;; Tracked objects:
   465 ;;		On entry : 0/0
   466 ;;		On exit  : 0/0
   467 ;;		Unchanged: 0/0
   468 ;; Data sizes:     COMRAM   BANK0   BANK1   BANK2   BANK3   BANK4   BANK5   BANK6   BANK7   BANK8   BANK9  BANK10  BANK1
      +1  BANK12  BANK13  BANK14  BANK15
   469 ;;      Params:         0       0       0       0       0       0       0       0       0       0       0       0       
      +0       0       0       0       0
   470 ;;      Locals:         0       0       0       0       0       0       0       0       0       0       0       0       
      +0       0       0       0       0
   471 ;;      Temps:          2       0       0       0       0       0       0       0       0       0       0       0       
      +0       0       0       0       0
   472 ;;      Totals:         2       0       0       0       0       0       0       0       0       0       0       0       
      +0       0       0       0       0
   473 ;;Total ram usage:        2 bytes
   474 ;; Hardware stack levels used:    1
   475 ;; Hardware stack levels required when called:    2
   476 ;; This function calls:
   477 ;;		_LCD_KomutGonder
   478 ;; This function is called by:
   479 ;;		_main
   480 ;; This function uses a non-reentrant model
   481 ;;
   482                           
   483                           	psect	text4
   484  001092                     __ptext4:
   485                           	callstack 0
   486  001092                     _LCD_Ayarla:
   487                           	callstack 28
   488  001092                     
   489                           ;C:/Users/dell/Desktop/PIC_LCD_Lib/PIC_LCD_Lib.X/lcd.c: 14:     LCD_KomutGonder(0x38);
   490  001092  0E38               	movlw	56
   491  001094  EC9F  F008         	call	_LCD_KomutGonder
   492                           
   493                           ;C:/Users/dell/Desktop/PIC_LCD_Lib/PIC_LCD_Lib.X/lcd.c: 15:     LCD_KomutGonder(0x02);
   494  001098  0E02               	movlw	2
   495  00109A  EC9F  F008         	call	_LCD_KomutGonder
   496  00109E                     
   497                           ;C:/Users/dell/Desktop/PIC_LCD_Lib/PIC_LCD_Lib.X/lcd.c: 16:     _delay((unsigned long)((
      +                          2)*(64000000/4000.0)));
   498  00109E  0E2A               	movlw	42
   499  0010A0  6E02               	movwf	??_LCD_Ayarla^0,c
   500  0010A2  0E8E               	movlw	142
   501  0010A4                     u77:
   502  0010A4  2EE8               	decfsz	wreg,f,c
   503  0010A6  D7FE               	bra	u77
   504  0010A8  2E02               	decfsz	??_LCD_Ayarla^0,f,c
   505  0010AA  D7FC               	bra	u77
   506  0010AC                     
   507                           ;C:/Users/dell/Desktop/PIC_LCD_Lib/PIC_LCD_Lib.X/lcd.c: 17:     LCD_KomutGonder(0x0F);
   508  0010AC  0E0F               	movlw	15
   509  0010AE  EC9F  F008         	call	_LCD_KomutGonder
   510                           
   511                           ;C:/Users/dell/Desktop/PIC_LCD_Lib/PIC_LCD_Lib.X/lcd.c: 18:     _delay((unsigned long)((
      +                          15)*(64000000/4000.0)));
   512  0010B2  0E02               	movlw	2
   513  0010B4  6E03               	movwf	(??_LCD_Ayarla+1)^0,c
   514  0010B6  0E38               	movlw	56
   515  0010B8  6E02               	movwf	??_LCD_Ayarla^0,c
   516  0010BA  0EAD               	movlw	173
   517  0010BC                     u87:
   518  0010BC  2EE8               	decfsz	wreg,f,c
   519  0010BE  D7FE               	bra	u87
   520  0010C0  2E02               	decfsz	??_LCD_Ayarla^0,f,c
   521  0010C2  D7FC               	bra	u87
   522  0010C4  2E03               	decfsz	(??_LCD_Ayarla+1)^0,f,c
   523  0010C6  D7FA               	bra	u87
   524  0010C8  F000               	nop	
   525  0010CA  0012               	return		;funcret
   526  0010CC                     __end_of_LCD_Ayarla:
   527                           	callstack 0
   528                           
   529 ;; *************** function _LCD_KomutGonder *****************
   530 ;; Defined at:
   531 ;;		line 22 in file "C:/Users/dell/Desktop/PIC_LCD_Lib/PIC_LCD_Lib.X/lcd.c"
   532 ;; Parameters:    Size  Location     Type
   533 ;;  komut           1    wreg     unsigned char 
   534 ;; Auto vars:     Size  Location     Type
   535 ;;  komut           1    0[COMRAM] unsigned char 
   536 ;; Return value:  Size  Location     Type
   537 ;;                  1    wreg      void 
   538 ;; Registers used:
   539 ;;		wreg, cstack
   540 ;; Tracked objects:
   541 ;;		On entry : 0/0
   542 ;;		On exit  : 0/0
   543 ;;		Unchanged: 0/0
   544 ;; Data sizes:     COMRAM   BANK0   BANK1   BANK2   BANK3   BANK4   BANK5   BANK6   BANK7   BANK8   BANK9  BANK10  BANK1
      +1  BANK12  BANK13  BANK14  BANK15
   545 ;;      Params:         0       0       0       0       0       0       0       0       0       0       0       0       
      +0       0       0       0       0
   546 ;;      Locals:         1       0       0       0       0       0       0       0       0       0       0       0       
      +0       0       0       0       0
   547 ;;      Temps:          0       0       0       0       0       0       0       0       0       0       0       0       
      +0       0       0       0       0
   548 ;;      Totals:         1       0       0       0       0       0       0       0       0       0       0       0       
      +0       0       0       0       0
   549 ;;Total ram usage:        1 bytes
   550 ;; Hardware stack levels used:    1
   551 ;; Hardware stack levels required when called:    1
   552 ;; This function calls:
   553 ;;		_pulseEnable
   554 ;; This function is called by:
   555 ;;		_LCD_Ayarla
   556 ;;		_LCD_GotoXY
   557 ;; This function uses a non-reentrant model
   558 ;;
   559                           
   560                           	psect	text5
   561  00113E                     __ptext5:
   562                           	callstack 0
   563  00113E                     _LCD_KomutGonder:
   564                           	callstack 27
   565                           
   566                           ;incstack = 0
   567                           ;LCD_KomutGonder@komut stored from wreg
   568  00113E  6E01               	movwf	LCD_KomutGonder@komut^0,c
   569  001140                     
   570                           ;C:/Users/dell/Desktop/PIC_LCD_Lib/PIC_LCD_Lib.X/lcd.c: 23:     LATC0 = 0;
   571  001140  908B               	bcf	3979,0,c	;volatile
   572  001142                     
   573                           ;C:/Users/dell/Desktop/PIC_LCD_Lib/PIC_LCD_Lib.X/lcd.c: 24:     LATD = komut;
   574  001142  C001  FF8C         	movff	LCD_KomutGonder@komut,3980	;volatile
   575  001146                     
   576                           ;C:/Users/dell/Desktop/PIC_LCD_Lib/PIC_LCD_Lib.X/lcd.c: 26:     pulseEnable();
   577  001146  EC81  F008         	call	_pulseEnable	;wreg free
   578  00114A  0012               	return		;funcret
   579  00114C                     __end_of_LCD_KomutGonder:
   580                           	callstack 0
   581                           
   582 ;; *************** function _pulseEnable *****************
   583 ;; Defined at:
   584 ;;		line 3 in file "C:/Users/dell/Desktop/PIC_LCD_Lib/PIC_LCD_Lib.X/lcd.c"
   585 ;; Parameters:    Size  Location     Type
   586 ;;		None
   587 ;; Auto vars:     Size  Location     Type
   588 ;;		None
   589 ;; Return value:  Size  Location     Type
   590 ;;                  1    wreg      void 
   591 ;; Registers used:
   592 ;;		wreg
   593 ;; Tracked objects:
   594 ;;		On entry : 0/0
   595 ;;		On exit  : 0/0
   596 ;;		Unchanged: 0/0
   597 ;; Data sizes:     COMRAM   BANK0   BANK1   BANK2   BANK3   BANK4   BANK5   BANK6   BANK7   BANK8   BANK9  BANK10  BANK1
      +1  BANK12  BANK13  BANK14  BANK15
   598 ;;      Params:         0       0       0       0       0       0       0       0       0       0       0       0       
      +0       0       0       0       0
   599 ;;      Locals:         0       0       0       0       0       0       0       0       0       0       0       0       
      +0       0       0       0       0
   600 ;;      Temps:          0       0       0       0       0       0       0       0       0       0       0       0       
      +0       0       0       0       0
   601 ;;      Totals:         0       0       0       0       0       0       0       0       0       0       0       0       
      +0       0       0       0       0
   602 ;;Total ram usage:        0 bytes
   603 ;; Hardware stack levels used:    1
   604 ;; This function calls:
   605 ;;		Nothing
   606 ;; This function is called by:
   607 ;;		_LCD_KomutGonder
   608 ;;		_LCD_VeriGonder
   609 ;; This function uses a non-reentrant model
   610 ;;
   611                           
   612                           	psect	text6
   613  001102                     __ptext6:
   614                           	callstack 0
   615  001102                     _pulseEnable:
   616                           	callstack 28
   617  001102                     
   618                           ;C:/Users/dell/Desktop/PIC_LCD_Lib/PIC_LCD_Lib.X/lcd.c: 4:     LATC1 = 0;
   619  001102  928B               	bcf	3979,1,c	;volatile
   620  001104                     
   621                           ;C:/Users/dell/Desktop/PIC_LCD_Lib/PIC_LCD_Lib.X/lcd.c: 5:     _delay((unsigned long)((1
      +                          )*(64000000/4000000.0)));
   622  001104  0E05               	movlw	5
   623  001106                     u97:
   624  001106  2EE8               	decfsz	wreg,f,c
   625  001108  D7FE               	bra	u97
   626  00110A  F000               	nop	
   627  00110C                     
   628                           ;C:/Users/dell/Desktop/PIC_LCD_Lib/PIC_LCD_Lib.X/lcd.c: 6:     LATC1 = 1;
   629  00110C  828B               	bsf	3979,1,c	;volatile
   630                           
   631                           ;C:/Users/dell/Desktop/PIC_LCD_Lib/PIC_LCD_Lib.X/lcd.c: 7:     _delay((unsigned long)((1
      +                          )*(64000000/4000000.0)));
   632  00110E  0E05               	movlw	5
   633  001110                     u107:
   634  001110  2EE8               	decfsz	wreg,f,c
   635  001112  D7FE               	bra	u107
   636  001114  F000               	nop	
   637  001116                     
   638                           ;C:/Users/dell/Desktop/PIC_LCD_Lib/PIC_LCD_Lib.X/lcd.c: 8:     LATC1 = 0;
   639  001116  928B               	bcf	3979,1,c	;volatile
   640                           
   641                           ;C:/Users/dell/Desktop/PIC_LCD_Lib/PIC_LCD_Lib.X/lcd.c: 9:     _delay((unsigned long)((5
      +                          0)*(64000000/4000000.0)));
   642  001118  0EA0               	movlw	160
   643  00111A                     u117:
   644  00111A  D000               	nop2	
   645  00111C  2EE8               	decfsz	wreg,f,c
   646  00111E  D7FD               	bra	u117
   647  001120  0012               	return		;funcret
   648  001122                     __end_of_pulseEnable:
   649                           	callstack 0
   650                           
   651                           	psect	rparam
   652  0000                     
   653                           	psect	idloc
   654                           
   655                           ;Config register IDLOC0 @ 0x200000
   656                           ;	unspecified, using default values
   657  200000                     	org	2097152
   658  200000  FF                 	db	255
   659                           
   660                           ;Config register IDLOC1 @ 0x200001
   661                           ;	unspecified, using default values
   662  200001                     	org	2097153
   663  200001  FF                 	db	255
   664                           
   665                           ;Config register IDLOC2 @ 0x200002
   666                           ;	unspecified, using default values
   667  200002                     	org	2097154
   668  200002  FF                 	db	255
   669                           
   670                           ;Config register IDLOC3 @ 0x200003
   671                           ;	unspecified, using default values
   672  200003                     	org	2097155
   673  200003  FF                 	db	255
   674                           
   675                           ;Config register IDLOC4 @ 0x200004
   676                           ;	unspecified, using default values
   677  200004                     	org	2097156
   678  200004  FF                 	db	255
   679                           
   680                           ;Config register IDLOC5 @ 0x200005
   681                           ;	unspecified, using default values
   682  200005                     	org	2097157
   683  200005  FF                 	db	255
   684                           
   685                           ;Config register IDLOC6 @ 0x200006
   686                           ;	unspecified, using default values
   687  200006                     	org	2097158
   688  200006  FF                 	db	255
   689                           
   690                           ;Config register IDLOC7 @ 0x200007
   691                           ;	unspecified, using default values
   692  200007                     	org	2097159
   693  200007  FF                 	db	255
   694                           
   695                           	psect	config
   696                           
   697                           ; Padding undefined space
   698  300000                     	org	3145728
   699  300000  FF                 	db	255
   700                           
   701                           ;Config register CONFIG1H @ 0x300001
   702                           ;	Oscillator Selection bits
   703                           ;	FOSC = INTIO67, Internal oscillator block
   704                           ;	4X PLL Enable
   705                           ;	PLLCFG = ON, Oscillator multiplied by 4
   706                           ;	Primary clock enable bit
   707                           ;	PRICLKEN = ON, Primary clock is always enabled
   708                           ;	Fail-Safe Clock Monitor Enable bit
   709                           ;	FCMEN = OFF, Fail-Safe Clock Monitor disabled
   710                           ;	Internal/External Oscillator Switchover bit
   711                           ;	IESO = OFF, Oscillator Switchover mode disabled
   712  300001                     	org	3145729
   713  300001  38                 	db	56
   714                           
   715                           ;Config register CONFIG2L @ 0x300002
   716                           ;	Power-up Timer Enable bit
   717                           ;	PWRTEN = OFF, Power up timer disabled
   718                           ;	Brown-out Reset Enable bits
   719                           ;	BOREN = SBORDIS, Brown-out Reset enabled in hardware only (SBOREN is disabled)
   720                           ;	Brown Out Reset Voltage bits
   721                           ;	BORV = 190, VBOR set to 1.90 V nominal
   722  300002                     	org	3145730
   723  300002  1F                 	db	31
   724                           
   725                           ;Config register CONFIG2H @ 0x300003
   726                           ;	Watchdog Timer Enable bits
   727                           ;	WDTEN = OFF, Watch dog timer is always disabled. SWDTEN has no effect.
   728                           ;	Watchdog Timer Postscale Select bits
   729                           ;	WDTPS = 32768, 1:32768
   730  300003                     	org	3145731
   731  300003  3C                 	db	60
   732                           
   733                           ; Padding undefined space
   734  300004                     	org	3145732
   735  300004  FF                 	db	255
   736                           
   737                           ;Config register CONFIG3H @ 0x300005
   738                           ;	CCP2 MUX bit
   739                           ;	CCP2MX = PORTC1, CCP2 input/output is multiplexed with RC1
   740                           ;	PORTB A/D Enable bit
   741                           ;	PBADEN = ON, PORTB<5:0> pins are configured as analog input channels on Reset
   742                           ;	P3A/CCP3 Mux bit
   743                           ;	CCP3MX = PORTB5, P3A/CCP3 input/output is multiplexed with RB5
   744                           ;	HFINTOSC Fast Start-up
   745                           ;	HFOFST = ON, HFINTOSC output and ready status are not delayed by the oscillator stable
      +                           status
   746                           ;	Timer3 Clock input mux bit
   747                           ;	T3CMX = PORTC0, T3CKI is on RC0
   748                           ;	ECCP2 B output mux bit
   749                           ;	P2BMX = PORTD2, P2B is on RD2
   750                           ;	MCLR Pin Enable bit
   751                           ;	MCLRE = INTMCLR, RE3 input pin enabled; MCLR disabled
   752  300005                     	org	3145733
   753  300005  3F                 	db	63
   754                           
   755                           ;Config register CONFIG4L @ 0x300006
   756                           ;	Stack Full/Underflow Reset Enable bit
   757                           ;	STVREN = ON, Stack full/underflow will cause Reset
   758                           ;	Single-Supply ICSP Enable bit
   759                           ;	LVP = ON, Single-Supply ICSP enabled if MCLRE is also 1
   760                           ;	Extended Instruction Set Enable bit
   761                           ;	XINST = OFF, Instruction set extension and Indexed Addressing mode disabled (Legacy mo
      +                          de)
   762                           ;	Background Debug
   763                           ;	DEBUG = 0x1, unprogrammed default
   764  300006                     	org	3145734
   765  300006  85                 	db	133
   766                           
   767                           ; Padding undefined space
   768  300007                     	org	3145735
   769  300007  FF                 	db	255
   770                           
   771                           ;Config register CONFIG5L @ 0x300008
   772                           ;	Code Protection Block 0
   773                           ;	CP0 = OFF, Block 0 (000800-003FFFh) not code-protected
   774                           ;	Code Protection Block 1
   775                           ;	CP1 = OFF, Block 1 (004000-007FFFh) not code-protected
   776                           ;	Code Protection Block 2
   777                           ;	CP2 = OFF, Block 2 (008000-00BFFFh) not code-protected
   778                           ;	Code Protection Block 3
   779                           ;	CP3 = OFF, Block 3 (00C000-00FFFFh) not code-protected
   780  300008                     	org	3145736
   781  300008  0F                 	db	15
   782                           
   783                           ;Config register CONFIG5H @ 0x300009
   784                           ;	Boot Block Code Protection bit
   785                           ;	CPB = OFF, Boot block (000000-0007FFh) not code-protected
   786                           ;	Data EEPROM Code Protection bit
   787                           ;	CPD = OFF, Data EEPROM not code-protected
   788  300009                     	org	3145737
   789  300009  C0                 	db	192
   790                           
   791                           ;Config register CONFIG6L @ 0x30000A
   792                           ;	Write Protection Block 0
   793                           ;	WRT0 = OFF, Block 0 (000800-003FFFh) not write-protected
   794                           ;	Write Protection Block 1
   795                           ;	WRT1 = OFF, Block 1 (004000-007FFFh) not write-protected
   796                           ;	Write Protection Block 2
   797                           ;	WRT2 = OFF, Block 2 (008000-00BFFFh) not write-protected
   798                           ;	Write Protection Block 3
   799                           ;	WRT3 = OFF, Block 3 (00C000-00FFFFh) not write-protected
   800  30000A                     	org	3145738
   801  30000A  0F                 	db	15
   802                           
   803                           ;Config register CONFIG6H @ 0x30000B
   804                           ;	Configuration Register Write Protection bit
   805                           ;	WRTC = OFF, Configuration registers (300000-3000FFh) not write-protected
   806                           ;	Boot Block Write Protection bit
   807                           ;	WRTB = OFF, Boot Block (000000-0007FFh) not write-protected
   808                           ;	Data EEPROM Write Protection bit
   809                           ;	WRTD = OFF, Data EEPROM not write-protected
   810  30000B                     	org	3145739
   811  30000B  E0                 	db	224
   812                           
   813                           ;Config register CONFIG7L @ 0x30000C
   814                           ;	Table Read Protection Block 0
   815                           ;	EBTR0 = OFF, Block 0 (000800-003FFFh) not protected from table reads executed in other
      +                           blocks
   816                           ;	Table Read Protection Block 1
   817                           ;	EBTR1 = OFF, Block 1 (004000-007FFFh) not protected from table reads executed in other
      +                           blocks
   818                           ;	Table Read Protection Block 2
   819                           ;	EBTR2 = OFF, Block 2 (008000-00BFFFh) not protected from table reads executed in other
      +                           blocks
   820                           ;	Table Read Protection Block 3
   821                           ;	EBTR3 = OFF, Block 3 (00C000-00FFFFh) not protected from table reads executed in other
      +                           blocks
   822  30000C                     	org	3145740
   823  30000C  0F                 	db	15
   824                           
   825                           ;Config register CONFIG7H @ 0x30000D
   826                           ;	Boot Block Table Read Protection bit
   827                           ;	EBTRB = OFF, Boot Block (000000-0007FFh) not protected from table reads executed in ot
      +                          her blocks
   828  30000D                     	org	3145741
   829  30000D  40                 	db	64
   830                           tosu	equ	0xFFF
   831                           tosh	equ	0xFFE
   832                           tosl	equ	0xFFD
   833                           stkptr	equ	0xFFC
   834                           pclatu	equ	0xFFB
   835                           pclath	equ	0xFFA
   836                           pcl	equ	0xFF9
   837                           tblptru	equ	0xFF8
   838                           tblptrh	equ	0xFF7
   839                           tblptrl	equ	0xFF6
   840                           tablat	equ	0xFF5
   841                           prodh	equ	0xFF4
   842                           prodl	equ	0xFF3
   843                           indf0	equ	0xFEF
   844                           postinc0	equ	0xFEE
   845                           postdec0	equ	0xFED
   846                           preinc0	equ	0xFEC
   847                           plusw0	equ	0xFEB
   848                           fsr0h	equ	0xFEA
   849                           fsr0l	equ	0xFE9
   850                           wreg	equ	0xFE8
   851                           indf1	equ	0xFE7
   852                           postinc1	equ	0xFE6
   853                           postdec1	equ	0xFE5
   854                           preinc1	equ	0xFE4
   855                           plusw1	equ	0xFE3
   856                           fsr1h	equ	0xFE2
   857                           fsr1l	equ	0xFE1
   858                           bsr	equ	0xFE0
   859                           indf2	equ	0xFDF
   860                           postinc2	equ	0xFDE
   861                           postdec2	equ	0xFDD
   862                           preinc2	equ	0xFDC
   863                           plusw2	equ	0xFDB
   864                           fsr2h	equ	0xFDA
   865                           fsr2l	equ	0xFD9
   866                           status	equ	0xFD8

Data Sizes:
    Strings     8
    Constant    0
    Data        0
    BSS         0
    Persistent  0
    Stack       0

Auto Spaces:
    Space          Size  Autos    Used
    COMRAM           95      7       7
    BANK0           160      0       0
    BANK1           256      0       0
    BANK2           256      0       0
    BANK3           256      0       0
    BANK4           256      0       0
    BANK5           256      0       0
    BANK6           256      0       0
    BANK7           256      0       0
    BANK8           256      0       0
    BANK9           256      0       0
    BANK10          256      0       0
    BANK11          256      0       0
    BANK12          256      0       0
    BANK13          256      0       0
    BANK14          256      0       0
    BANK15           56      0       0

Pointer List with Targets:

    LCD_MetinYaz@metin	PTR unsigned char  size(2) Largest target is 8
		 -> STR_1(CODE[8]), 


Critical Paths under _main in COMRAM

    _main->_LCD_MetinYaz
    _LCD_MetinYaz->_LCD_GotoXY
    _LCD_GotoXY->_LCD_KomutGonder
    _LCD_Ayarla->_LCD_KomutGonder

Critical Paths under _main in BANK0

    None.

Critical Paths under _main in BANK1

    None.

Critical Paths under _main in BANK2

    None.

Critical Paths under _main in BANK3

    None.

Critical Paths under _main in BANK4

    None.

Critical Paths under _main in BANK5

    None.

Critical Paths under _main in BANK6

    None.

Critical Paths under _main in BANK7

    None.

Critical Paths under _main in BANK8

    None.

Critical Paths under _main in BANK9

    None.

Critical Paths under _main in BANK10

    None.

Critical Paths under _main in BANK11

    None.

Critical Paths under _main in BANK12

    None.

Critical Paths under _main in BANK13

    None.

Critical Paths under _main in BANK14

    None.

Critical Paths under _main in BANK15

    None.

Call Graph Tables:

 ---------------------------------------------------------------------------------
 (Depth) Function   	        Calls       Base Space   Used Autos Params    Refs
 ---------------------------------------------------------------------------------
 (0) _main                                                 0     0      0     450
                         _LCD_Ayarla
                       _LCD_MetinYaz
 ---------------------------------------------------------------------------------
 (1) _LCD_MetinYaz                                         4     1      3     435
                                              3 COMRAM     4     1      3
                         _LCD_GotoXY
                     _LCD_VeriGonder
 ---------------------------------------------------------------------------------
 (2) _LCD_VeriGonder                                       1     1      0      15
                                              0 COMRAM     1     1      0
                        _pulseEnable
 ---------------------------------------------------------------------------------
 (2) _LCD_GotoXY                                           2     1      1     179
                                              1 COMRAM     2     1      1
                    _LCD_KomutGonder
 ---------------------------------------------------------------------------------
 (1) _LCD_Ayarla                                           2     2      0      15
                                              1 COMRAM     2     2      0
                    _LCD_KomutGonder
 ---------------------------------------------------------------------------------
 (3) _LCD_KomutGonder                                      1     1      0      15
                                              0 COMRAM     1     1      0
                        _pulseEnable
 ---------------------------------------------------------------------------------
 (3) _pulseEnable                                          0     0      0       0
 ---------------------------------------------------------------------------------
 Estimated maximum stack depth 3
 ---------------------------------------------------------------------------------

 Call Graph Graphs:

 _main (ROOT)
   _LCD_Ayarla
     _LCD_KomutGonder
       _pulseEnable
   _LCD_MetinYaz
     _LCD_GotoXY
       _LCD_KomutGonder
         _pulseEnable
     _LCD_VeriGonder
       _pulseEnable

 Address spaces:
Name               Size   Autos  Total    Cost      Usage
BITCOMRAM           5F      0       0       0        0.0%
EEDATA             400      0       0       0        0.0%
NULL                 0      0       0       0        0.0%
CODE                 0      0       0       0        0.0%
COMRAM              5F      7       7       1        7.4%
STACK                0      0       0       2        0.0%
DATA                 0      0       0       3        0.0%
BITBANK0            A0      0       0       4        0.0%
BANK0               A0      0       0       5        0.0%
BITBANK1           100      0       0       6        0.0%
BANK1              100      0       0       7        0.0%
BITBANK2           100      0       0       8        0.0%
BANK2              100      0       0       9        0.0%
BITBANK3           100      0       0      10        0.0%
BANK3              100      0       0      11        0.0%
ABS                  0      0       0      12        0.0%
BITBANK4           100      0       0      13        0.0%
BANK4              100      0       0      14        0.0%
BITBANK5           100      0       0      15        0.0%
BANK5              100      0       0      16        0.0%
BITBANK6           100      0       0      17        0.0%
BANK6              100      0       0      18        0.0%
BITBANK7           100      0       0      19        0.0%
BANK7              100      0       0      20        0.0%
BITBANK8           100      0       0      21        0.0%
BANK8              100      0       0      22        0.0%
BITBANK9           100      0       0      23        0.0%
BANK9              100      0       0      24        0.0%
BITBANK10          100      0       0      25        0.0%
BANK10             100      0       0      26        0.0%
BITBANK11          100      0       0      27        0.0%
BANK11             100      0       0      28        0.0%
BITBANK12          100      0       0      29        0.0%
BANK12             100      0       0      30        0.0%
BITBANK13          100      0       0      31        0.0%
BANK13             100      0       0      32        0.0%
BITBANK14          100      0       0      33        0.0%
BANK14             100      0       0      34        0.0%
BITBANK15           38      0       0      35        0.0%
BANK15              38      0       0      36        0.0%
BIGRAM             F37      0       0      37        0.0%
BITSFR_1             0      0       0     200        0.0%
SFR_1                0      0       0     200        0.0%
BITSFR               0      0       0     200        0.0%
SFR                  0      0       0     200        0.0%


Microchip Technology PIC18 Macro Assembler V2.31 build 20201012212115 
Symbol Table                                                                                   Wed Nov 10 22:27:43 2021

             ?_LCD_Ayarla 0001               ?_LCD_GotoXY 0002                        l30 1048  
                      l50 10CA                        l53 114A                        l29 1048  
                      l62 1090                        l47 1120                        l56 113C  
                      l67 1100                        u40 10DE                        u41 10DA  
                      u50 10F8                        u51 10F4                        u60 1090  
                      u61 108C                        u77 10A4                        u87 10BC  
                      u97 1106                       l801 1052                       l803 1060  
                     l811 100E                       l805 1070                       l813 1032  
                     l743 1102                       l751 1140                       l807 1074  
                     l815 1036                       l745 1104                       l753 1142  
                     l761 1138                       l809 100A                       l747 110C  
                     l755 1146                       l771 1092                       l749 1116  
                     l773 109E                       l757 1132                       l775 10AC  
                     l759 1134                       l793 10CE                       l795 10DE  
                     l797 10E6                       l799 10F8                       u107 1110  
                     u117 111A                       wreg 000FE8             ?_LCD_MetinYaz 0004  
                    STR_1 1001                      _LATC 000F8B                      _LATD 000F8C  
                    _main 100A                      start 0000           LCD_GotoXY@satir 0003  
         LCD_GotoXY@sutun 0002              ___param_bank 000000            _LCD_VeriGonder 1130  
         _LCD_KomutGonder 113E                     ?_main 0001                     _LATC0 007C58  
                   _LATC1 007C59                     _PORTC 000F82                     _PORTD 000F83  
                   _TRISC 000F94                     _TRISD 000F95            ??_LCD_MetinYaz 0007  
     __size_of_LCD_Ayarla 003A       __size_of_LCD_GotoXY 0036                     tablat 000FF5  
                   status 000FD8    __end_of_LCD_VeriGonder 113E           __initialization 1122  
            __end_of_main 1050                    ??_main 0008             __activetblptr 000001  
                  _ANSELC 000F3A                    _ANSELD 000F3B   __end_of_LCD_KomutGonder 114C  
         ?_LCD_VeriGonder 0001              __mediumconst 0000      LCD_KomutGonder@komut 0001  
                  tblptrh 000FF7                    tblptrl 000FF6                    tblptru 000FF8  
              __accesstop 0060   __end_of__initialization 1122             ___rparam_used 000001  
            ?_pulseEnable 0001      __end_of_LCD_MetinYaz 1092            __pcstackCOMRAM 0001  
            ??_LCD_Ayarla 0002              ??_LCD_GotoXY 0003        __end_of_LCD_Ayarla 10CC  
      __end_of_LCD_GotoXY 1102          ?_LCD_KomutGonder 0001                   __Hparam 0000  
                 __Lparam 0000              __psmallconst 1000                   __pcinit 1122  
                 __ramtop 1000                   __ptext0 100A                   __ptext1 1050  
                 __ptext2 1130                   __ptext3 10CC                   __ptext4 1092  
                 __ptext5 113E                   __ptext6 1102      end_of_initialization 1122  
   LCD_MetinYaz@str_satir 0007     LCD_MetinYaz@str_sutun 0004          ??_LCD_VeriGonder 0001  
   __size_of_LCD_MetinYaz 0042      __size_of_pulseEnable 0020              _LCD_MetinYaz 1050  
       LCD_MetinYaz@metin 0005       start_initialization 1122  __size_of_LCD_KomutGonder 000E  
             __smallconst 1000                  __Hrparam 0000             ??_pulseEnable 0001  
                __Lrparam 0000              __Lsmallconst 1000         ??_LCD_KomutGonder 0001  
           __size_of_main 0046                _LCD_Ayarla 1092   __size_of_LCD_VeriGonder 000E  
              _LCD_GotoXY 10CC       __end_of_pulseEnable 1122               _OSCTUNEbits 000F9B  
      LCD_VeriGonder@veri 0001                _OSCCONbits 000FD3               _pulseEnable 1102  
